[2026-02-04 01:49:23Z INFO HostContext] No proxy settings were found based on environmental variables (http_proxy/https_proxy/HTTP_PROXY/HTTPS_PROXY)
[2026-02-04 01:49:23Z INFO HostContext] Well known directory 'Bin': 'D:\github-cicd\test_workflow\actions-runner\bin'
[2026-02-04 01:49:23Z INFO HostContext] Well known directory 'Root': 'D:\github-cicd\test_workflow\actions-runner'
[2026-02-04 01:49:23Z INFO HostContext] Well known config file 'Credentials': 'D:\github-cicd\test_workflow\actions-runner\.credentials'
[2026-02-04 01:49:23Z INFO HostContext] Well known directory 'Bin': 'D:\github-cicd\test_workflow\actions-runner\bin'
[2026-02-04 01:49:23Z INFO HostContext] Well known directory 'Root': 'D:\github-cicd\test_workflow\actions-runner'
[2026-02-04 01:49:23Z INFO HostContext] Well known config file 'Runner': 'D:\github-cicd\test_workflow\actions-runner\.runner'
[2026-02-04 01:49:23Z INFO Listener] Runner is built for Windows (X64) - win-x64.
[2026-02-04 01:49:23Z INFO Listener] RuntimeInformation: Microsoft Windows 10.0.26100.
[2026-02-04 01:49:23Z INFO Listener] Version: 2.331.0
[2026-02-04 01:49:23Z INFO Listener] Commit: 39f6c643d3032f8795fa71f1482731ca90c8e038
[2026-02-04 01:49:23Z INFO Listener] Culture: en-US
[2026-02-04 01:49:23Z INFO Listener] UI Culture: en-US
[2026-02-04 01:49:23Z INFO HostContext] Well known directory 'Bin': 'D:\github-cicd\test_workflow\actions-runner\bin'
[2026-02-04 01:49:23Z INFO HostContext] Well known directory 'Root': 'D:\github-cicd\test_workflow\actions-runner'
[2026-02-04 01:49:23Z INFO Listener] Validating directory permissions for: 'D:\github-cicd\test_workflow\actions-runner'
[2026-02-04 01:49:23Z INFO CommandLineParser] Parse
[2026-02-04 01:49:23Z INFO CommandLineParser] Parsing 1 args
[2026-02-04 01:49:23Z INFO CommandLineParser] parsing argument
[2026-02-04 01:49:23Z INFO CommandLineParser] HasArgs: False
[2026-02-04 01:49:23Z INFO CommandLineParser] Adding Command: run
[2026-02-04 01:49:23Z INFO Listener] Arguments parsed
[2026-02-04 01:49:23Z INFO Runner] ExecuteCommand
[2026-02-04 01:49:23Z INFO ConfigurationStore] currentAssemblyLocation: D:\github-cicd\test_workflow\actions-runner\bin\Runner.Listener.dll
[2026-02-04 01:49:23Z INFO HostContext] Well known directory 'Bin': 'D:\github-cicd\test_workflow\actions-runner\bin'
[2026-02-04 01:49:23Z INFO ConfigurationStore] binPath: D:\github-cicd\test_workflow\actions-runner\bin
[2026-02-04 01:49:23Z INFO HostContext] Well known directory 'Bin': 'D:\github-cicd\test_workflow\actions-runner\bin'
[2026-02-04 01:49:23Z INFO HostContext] Well known directory 'Root': 'D:\github-cicd\test_workflow\actions-runner'
[2026-02-04 01:49:23Z INFO ConfigurationStore] RootFolder: D:\github-cicd\test_workflow\actions-runner
[2026-02-04 01:49:23Z INFO HostContext] Well known directory 'Bin': 'D:\github-cicd\test_workflow\actions-runner\bin'
[2026-02-04 01:49:23Z INFO HostContext] Well known directory 'Root': 'D:\github-cicd\test_workflow\actions-runner'
[2026-02-04 01:49:23Z INFO HostContext] Well known config file 'Runner': 'D:\github-cicd\test_workflow\actions-runner\.runner'
[2026-02-04 01:49:23Z INFO ConfigurationStore] ConfigFilePath: D:\github-cicd\test_workflow\actions-runner\.runner
[2026-02-04 01:49:23Z INFO HostContext] Well known directory 'Bin': 'D:\github-cicd\test_workflow\actions-runner\bin'
[2026-02-04 01:49:23Z INFO HostContext] Well known directory 'Root': 'D:\github-cicd\test_workflow\actions-runner'
[2026-02-04 01:49:23Z INFO HostContext] Well known config file 'MigratedRunner': 'D:\github-cicd\test_workflow\actions-runner\.runner_migrated'
[2026-02-04 01:49:23Z INFO ConfigurationStore] MigratedConfigFilePath: D:\github-cicd\test_workflow\actions-runner\.runner_migrated
[2026-02-04 01:49:23Z INFO HostContext] Well known directory 'Bin': 'D:\github-cicd\test_workflow\actions-runner\bin'
[2026-02-04 01:49:23Z INFO HostContext] Well known directory 'Root': 'D:\github-cicd\test_workflow\actions-runner'
[2026-02-04 01:49:23Z INFO HostContext] Well known config file 'Credentials': 'D:\github-cicd\test_workflow\actions-runner\.credentials'
[2026-02-04 01:49:23Z INFO ConfigurationStore] CredFilePath: D:\github-cicd\test_workflow\actions-runner\.credentials
[2026-02-04 01:49:23Z INFO HostContext] Well known directory 'Bin': 'D:\github-cicd\test_workflow\actions-runner\bin'
[2026-02-04 01:49:23Z INFO HostContext] Well known directory 'Root': 'D:\github-cicd\test_workflow\actions-runner'
[2026-02-04 01:49:23Z INFO HostContext] Well known config file 'MigratedCredentials': 'D:\github-cicd\test_workflow\actions-runner\.credentials_migrated'
[2026-02-04 01:49:23Z INFO ConfigurationStore] MigratedCredFilePath: D:\github-cicd\test_workflow\actions-runner\.credentials_migrated
[2026-02-04 01:49:23Z INFO HostContext] Well known directory 'Bin': 'D:\github-cicd\test_workflow\actions-runner\bin'
[2026-02-04 01:49:23Z INFO HostContext] Well known directory 'Root': 'D:\github-cicd\test_workflow\actions-runner'
[2026-02-04 01:49:23Z INFO HostContext] Well known config file 'Service': 'D:\github-cicd\test_workflow\actions-runner\.service'
[2026-02-04 01:49:23Z INFO ConfigurationStore] ServiceConfigFilePath: D:\github-cicd\test_workflow\actions-runner\.service
[2026-02-04 01:49:23Z INFO CommandSettings] Flag 'help': 'False'
[2026-02-04 01:49:23Z INFO CommandSettings] Flag 'version': 'False'
[2026-02-04 01:49:23Z INFO CommandSettings] Flag 'commit': 'False'
[2026-02-04 01:49:23Z INFO CommandSettings] Flag 'check': 'False'
[2026-02-04 01:49:23Z INFO CommandSettings] Command 'configure': 'False'
[2026-02-04 01:49:23Z INFO CommandSettings] Command 'remove': 'False'
[2026-02-04 01:49:23Z INFO CommandSettings] Command 'warmup': 'False'
[2026-02-04 01:49:23Z INFO ConfigurationManager] LoadSettings
[2026-02-04 01:49:23Z INFO ConfigurationStore] IsConfigured()
[2026-02-04 01:49:23Z INFO ConfigurationStore] IsConfigured: True
[2026-02-04 01:49:23Z INFO ConfigurationManager] Is configured: True
[2026-02-04 01:49:23Z INFO ConfigurationStore] Read setting file: 408 chars
[2026-02-04 01:49:23Z INFO ConfigurationManager] Settings Loaded
[2026-02-04 01:49:23Z INFO ConfigurationStore] IsServiceConfigured()
[2026-02-04 01:49:23Z INFO ConfigurationStore] IsServiceConfigured: False
[2026-02-04 01:49:23Z INFO CommandSettings] Command 'run': 'True'
[2026-02-04 01:49:23Z INFO ConfigurationStore] IsConfigured()
[2026-02-04 01:49:23Z INFO ConfigurationStore] IsConfigured: True
[2026-02-04 01:49:23Z INFO ConfigurationManager] Is configured: True
[2026-02-04 01:49:23Z INFO Runner] Could not parse the argument value '' for StartupType. Defaulting to Manual
[2026-02-04 01:49:23Z INFO Runner] Set runner startup type - Manual
[2026-02-04 01:49:23Z INFO CommandSettings] Flag 'once': 'False'
[2026-02-04 01:49:23Z INFO CommandSettings] Flag 'once': 'False'
[2026-02-04 01:49:23Z INFO Runner] RunAsync
[2026-02-04 01:49:23Z INFO ConfigurationManager] LoadMigratedSettings
[2026-02-04 01:49:23Z INFO ConfigurationStore] IsMigratedConfigured()
[2026-02-04 01:49:23Z INFO ConfigurationStore] IsMigratedConfigured: False
[2026-02-04 01:49:23Z INFO Runner] Failed to load migrated settings: No migrated configuration found.
[2026-02-04 01:49:23Z INFO Runner] Falling back to original .runner settings
[2026-02-04 01:49:23Z INFO Runner] Using BrokerMessageListener
[2026-02-04 01:49:23Z INFO BrokerMessageListener] Using provided settings
[2026-02-04 01:49:23Z INFO BrokerMessageListener] {
  "AgentId": 2,
  "AgentName": "DESKTOP-KG577VI",
  "PoolId": 1,
  "PoolName": "Default",
  "ServerUrl": "https://pipelinesghubeus6.actions.githubusercontent.com/V5Cue8MKH8IwOCeYENkHd56AoPSPbDElR65vgSNadaEZGJV1wE/",
  "GitHubUrl": "https://github.com/Toan2801/github_ci_cd_lession1",
  "WorkFolder": "_work",
  "UseV2Flow": true,
  "ServerUrlV2": "https://broker.actions.githubusercontent.com/"
}
[2026-02-04 01:49:23Z INFO BrokerMessageListener] Loading Credentials
[2026-02-04 01:49:23Z INFO ConfigurationStore] HasCredentials()
[2026-02-04 01:49:23Z INFO ConfigurationStore] stored True
[2026-02-04 01:49:23Z INFO CredentialManager] GetCredentialProvider
[2026-02-04 01:49:23Z INFO CredentialManager] Creating type OAuth
[2026-02-04 01:49:23Z INFO CredentialManager] Creating credential type: OAuth
[2026-02-04 01:49:23Z INFO HostContext] Well known directory 'Bin': 'D:\github-cicd\test_workflow\actions-runner\bin'
[2026-02-04 01:49:23Z INFO HostContext] Well known directory 'Root': 'D:\github-cicd\test_workflow\actions-runner'
[2026-02-04 01:49:23Z INFO HostContext] Well known config file 'RSACredentials': 'D:\github-cicd\test_workflow\actions-runner\.credentials_rsaparams'
[2026-02-04 01:49:23Z INFO RSAEncryptedFileKeyManager] Loading RSA key parameters from file D:\github-cicd\test_workflow\actions-runner\.credentials_rsaparams
[2026-02-04 01:49:23Z INFO BrokerMessageListener] Attempt to create session.
[2026-02-04 01:49:23Z INFO BrokerMessageListener] Connecting to the Broker Server...
[2026-02-04 01:49:23Z INFO ConfigurationStore] HasCredentials()
[2026-02-04 01:49:23Z INFO ConfigurationStore] stored True
[2026-02-04 01:49:23Z INFO CredentialManager] GetCredentialProvider
[2026-02-04 01:49:23Z INFO CredentialManager] Creating type OAuth
[2026-02-04 01:49:23Z INFO CredentialManager] Creating credential type: OAuth
[2026-02-04 01:49:23Z INFO RSAEncryptedFileKeyManager] Loading RSA key parameters from file D:\github-cicd\test_workflow\actions-runner\.credentials_rsaparams
[2026-02-04 01:49:23Z INFO BrokerMessageListener] VssConnection created
[2026-02-04 01:49:23Z INFO BrokerMessageListener] Connecting to the Runner server...
[2026-02-04 01:49:23Z INFO RunnerServer] EstablishVssConnection
[2026-02-04 01:49:23Z INFO RunnerServer] Establish connection with 100 seconds timeout.
[2026-02-04 01:49:23Z INFO GitHubActionsService] Starting operation Location.GetConnectionData
[2026-02-04 01:49:23Z INFO RunnerServer] EstablishVssConnection
[2026-02-04 01:49:23Z INFO RunnerServer] Establish connection with 60 seconds timeout.
[2026-02-04 01:49:23Z INFO GitHubActionsService] Starting operation Location.GetConnectionData
[2026-02-04 01:49:23Z INFO RunnerServer] EstablishVssConnection
[2026-02-04 01:49:23Z INFO RunnerServer] Establish connection with 60 seconds timeout.
[2026-02-04 01:49:23Z INFO GitHubActionsService] Starting operation Location.GetConnectionData
[2026-02-04 01:49:24Z INFO GitHubActionsService] Finished operation Location.GetConnectionData
[2026-02-04 01:49:24Z INFO GitHubActionsService] Finished operation Location.GetConnectionData
[2026-02-04 01:49:24Z INFO GitHubActionsService] Finished operation Location.GetConnectionData
[2026-02-04 01:49:24Z INFO BrokerMessageListener] VssConnection created
[2026-02-04 01:49:24Z INFO Terminal] WRITE LINE: 
[2026-02-04 01:49:24Z INFO Terminal] WRITE LINE: 
[2026-02-04 01:49:24Z INFO RSAEncryptedFileKeyManager] Loading RSA key parameters from file D:\github-cicd\test_workflow\actions-runner\.credentials_rsaparams
[2026-02-04 01:49:24Z INFO RSAEncryptedFileKeyManager] Loading RSA key parameters from file D:\github-cicd\test_workflow\actions-runner\.credentials_rsaparams
[2026-02-04 01:49:25Z INFO GitHubActionsService] AAD Correlation ID for this token request: Unknown
[2026-02-04 01:49:26Z INFO BrokerMessageListener] Session created.
[2026-02-04 01:49:26Z INFO Terminal] WRITE LINE: Current runner version: '2.331.0'
[2026-02-04 01:49:26Z INFO Terminal] WRITE LINE: 2026-02-04 01:49:26Z: Listening for Jobs
[2026-02-04 01:49:26Z INFO JobDispatcher] Set runner/worker IPC timeout to 30 seconds.
[2026-02-04 01:49:27Z INFO BrokerMessageListener] Acknowledging runner request 'd311d785-40e7-5c58-acb0-178782e31d8a'.
[2026-02-04 01:49:28Z INFO ConfigurationStore] HasCredentials()
[2026-02-04 01:49:28Z INFO ConfigurationStore] stored True
[2026-02-04 01:49:28Z INFO CredentialManager] GetCredentialProvider
[2026-02-04 01:49:28Z INFO CredentialManager] Creating type OAuth
[2026-02-04 01:49:28Z INFO CredentialManager] Creating credential type: OAuth
[2026-02-04 01:49:28Z INFO RSAEncryptedFileKeyManager] Loading RSA key parameters from file D:\github-cicd\test_workflow\actions-runner\.credentials_rsaparams
[2026-02-04 01:49:28Z INFO RSAEncryptedFileKeyManager] Loading RSA key parameters from file D:\github-cicd\test_workflow\actions-runner\.credentials_rsaparams
[2026-02-04 01:49:28Z INFO RSAEncryptedFileKeyManager] Loading RSA key parameters from file D:\github-cicd\test_workflow\actions-runner\.credentials_rsaparams
[2026-02-04 01:49:29Z INFO GitHubActionsService] AAD Correlation ID for this token request: Unknown
[2026-02-04 01:49:30Z INFO JobDispatcher] Job request 0 for plan b51beab0-26e3-4744-abfe-55310ef6e2cf job d311d785-40e7-5c58-acb0-178782e31d8a received.
[2026-02-04 01:49:30Z INFO JobDispatcher] Pull OrchestrationId b51beab0-26e3-4744-abfe-55310ef6e2cf.build-and-run.__default from JWT claims
[2026-02-04 01:49:30Z INFO BrokerMessageListener] Received job status event. JobState: Busy
[2026-02-04 01:49:30Z INFO BrokerMessageListener] _getMessagesTokenSource is already disposed.
[2026-02-04 01:49:30Z INFO Terminal] WRITE LINE: 2026-02-04 01:49:30Z: Running job: build-and-run
[2026-02-04 01:49:30Z INFO JobDispatcher] Start renew job request 0 for job d311d785-40e7-5c58-acb0-178782e31d8a.
[2026-02-04 01:49:31Z INFO JobDispatcher] Successfully renew job d311d785-40e7-5c58-acb0-178782e31d8a, job is valid till 2/4/2026 1:59:31 AM
[2026-02-04 01:49:31Z INFO HostContext] Well known directory 'Bin': 'D:\github-cicd\test_workflow\actions-runner\bin'
[2026-02-04 01:49:31Z INFO ProcessInvokerWrapper] Starting process:
[2026-02-04 01:49:31Z INFO ProcessInvokerWrapper]   File name: 'D:\github-cicd\test_workflow\actions-runner\bin\Runner.Worker.exe'
[2026-02-04 01:49:31Z INFO ProcessInvokerWrapper]   Arguments: 'spawnclient 2216 2228'
[2026-02-04 01:49:31Z INFO ProcessInvokerWrapper]   Working directory: 'D:\github-cicd\test_workflow\actions-runner\bin'
[2026-02-04 01:49:31Z INFO ProcessInvokerWrapper]   Require exit code zero: 'False'
[2026-02-04 01:49:31Z INFO ProcessInvokerWrapper]   Encoding web name:  ; code page: ''
[2026-02-04 01:49:31Z INFO ProcessInvokerWrapper]   Force kill process on cancellation: 'True'
[2026-02-04 01:49:31Z INFO ProcessInvokerWrapper]   Redirected STDIN: 'False'
[2026-02-04 01:49:31Z INFO ProcessInvokerWrapper]   Persist current code page: 'False'
[2026-02-04 01:49:31Z INFO ProcessInvokerWrapper]   Keep redirected STDIN open: 'False'
[2026-02-04 01:49:31Z INFO ProcessInvokerWrapper]   High priority process: 'True'
[2026-02-04 01:49:31Z INFO ProcessInvokerWrapper] Process started with process id 1048, waiting for process exit.
[2026-02-04 01:49:31Z INFO JobDispatcher] Send job request message to worker for job d311d785-40e7-5c58-acb0-178782e31d8a.
[2026-02-04 01:49:31Z INFO ProcessChannel] Sending message of length 19896, with hash '97b582de54c337e098dbefed60068e12e9123580ba62dc78f5b50e42d3364da1'
[2026-02-04 01:49:31Z INFO JobNotification] Entering JobStarted Notification
[2026-02-04 01:49:31Z INFO JobNotification] Entering StartMonitor
[2026-02-04 01:49:45Z INFO ProcessInvokerWrapper] STDOUT/STDERR stream read finished.
[2026-02-04 01:49:45Z INFO ProcessInvokerWrapper] STDOUT/STDERR stream read finished.
[2026-02-04 01:49:45Z INFO ProcessInvokerWrapper] Finished process 1048 with exit code 102, and elapsed time 00:00:14.3470479.
[2026-02-04 01:49:45Z INFO JobDispatcher] Worker finished for job d311d785-40e7-5c58-acb0-178782e31d8a. Code: 102
[2026-02-04 01:49:45Z INFO JobDispatcher] finish job request for job d311d785-40e7-5c58-acb0-178782e31d8a with result: Failed
[2026-02-04 01:49:45Z INFO Terminal] WRITE LINE: 2026-02-04 01:49:45Z: Job build-and-run completed with result: Failed
[2026-02-04 01:49:45Z INFO JobDispatcher] Stop renew job request for job d311d785-40e7-5c58-acb0-178782e31d8a.
[2026-02-04 01:49:45Z INFO JobDispatcher] job renew has been cancelled, stop renew job d311d785-40e7-5c58-acb0-178782e31d8a.
[2026-02-04 01:49:45Z INFO JobNotification] Entering JobCompleted Notification
[2026-02-04 01:49:45Z INFO JobNotification] Entering EndMonitor
[2026-02-04 01:49:45Z INFO BrokerMessageListener] Received job status event. JobState: Online
[2026-02-04 01:49:45Z WARN GitHubActionsService] GET request to https://broker.actions.githubusercontent.com/message?sessionId=20035e8e-d109-49e6-93e0-c66e7ccb1da7&status=Busy&runnerVersion=2.331.0&os=Windows&architecture=X64&disableUpdate=false has been cancelled.
[2026-02-04 01:49:45Z ERR  BrokerServer] Catch exception during request
[2026-02-04 01:49:45Z ERR  BrokerServer] System.Threading.Tasks.TaskCanceledException: The operation was canceled.
 ---> System.Threading.Tasks.TaskCanceledException: The operation was canceled.
 ---> System.IO.IOException: Unable to read data from the transport connection: The I/O operation has been aborted because of either a thread exit or an application request..
 ---> System.Net.Sockets.SocketException (995): The I/O operation has been aborted because of either a thread exit or an application request.
   --- End of inner exception stack trace ---
   at System.Net.Sockets.Socket.AwaitableSocketAsyncEventArgs.ThrowException(SocketError error, CancellationToken cancellationToken)
   at System.Net.Sockets.Socket.AwaitableSocketAsyncEventArgs.System.Threading.Tasks.Sources.IValueTaskSource<System.Int32>.GetResult(Int16 token)
   at System.Net.Security.SslStream.EnsureFullTlsFrameAsync[TIOAdapter](CancellationToken cancellationToken, Int32 estimatedSize)
   at System.Runtime.CompilerServices.PoolingAsyncValueTaskMethodBuilder`1.StateMachineBox`1.System.Threading.Tasks.Sources.IValueTaskSource<TResult>.GetResult(Int16 token)
   at System.Net.Security.SslStream.ReadAsyncInternal[TIOAdapter](Memory`1 buffer, CancellationToken cancellationToken)
   at System.Runtime.CompilerServices.PoolingAsyncValueTaskMethodBuilder`1.StateMachineBox`1.System.Threading.Tasks.Sources.IValueTaskSource<TResult>.GetResult(Int16 token)
   at System.Net.Http.HttpConnection.SendAsync(HttpRequestMessage request, Boolean async, CancellationToken cancellationToken)
   --- End of inner exception stack trace ---
   at System.Net.Http.HttpConnection.SendAsync(HttpRequestMessage request, Boolean async, CancellationToken cancellationToken)
   at System.Net.Http.AuthenticationHelper.SendWithNtAuthAsync(HttpRequestMessage request, Uri authUri, Boolean async, ICredentials credentials, Boolean isProxyAuth, HttpConnection connection, HttpConnectionPool connectionPool, CancellationToken cancellationToken)
   at System.Net.Http.HttpConnectionPool.SendWithVersionDetectionAndRetryAsync(HttpRequestMessage request, Boolean async, Boolean doRequestAuth, CancellationToken cancellationToken)
   at System.Net.Http.AuthenticationHelper.SendWithAuthAsync(HttpRequestMessage request, Uri authUri, Boolean async, ICredentials credentials, Boolean preAuthenticate, Boolean isProxyAuth, Boolean doRequestAuth, HttpConnectionPool pool, CancellationToken cancellationToken)
   at System.Net.Http.RedirectHandler.SendAsync(HttpRequestMessage request, Boolean async, CancellationToken cancellationToken)
   at GitHub.Services.Common.RawHttpMessageHandler.SendAsync(HttpRequestMessage request, CancellationToken cancellationToken)
   at GitHub.Services.Common.VssHttpRetryMessageHandler.SendAsync(HttpRequestMessage request, CancellationToken cancellationToken)
   at System.Net.Http.HttpClient.<SendAsync>g__Core|83_0(HttpRequestMessage request, HttpCompletionOption completionOption, CancellationTokenSource cts, Boolean disposeCts, CancellationTokenSource pendingRequestsCts, CancellationToken originalCancellationToken)
   --- End of inner exception stack trace ---
   at System.Net.Http.HttpClient.HandleFailure(Exception e, Boolean telemetryStarted, HttpResponseMessage response, CancellationTokenSource cts, CancellationToken cancellationToken, CancellationTokenSource pendingRequestsCts)
   at System.Net.Http.HttpClient.<SendAsync>g__Core|83_0(HttpRequestMessage request, HttpCompletionOption completionOption, CancellationTokenSource cts, Boolean disposeCts, CancellationTokenSource pendingRequestsCts, CancellationToken originalCancellationToken)
   at Sdk.WebApi.WebApi.RawHttpClientBase.SendAsync(HttpRequestMessage message, HttpCompletionOption completionOption, Object userState, CancellationToken cancellationToken)
   at Sdk.WebApi.WebApi.RawHttpClientBase.SendAsync[T](HttpRequestMessage message, Boolean readErrorBody, Object userState, CancellationToken cancellationToken)
   at Sdk.WebApi.WebApi.RawHttpClientBase.SendAsync[T](HttpMethod method, IEnumerable`1 additionalHeaders, Uri requestUri, HttpContent content, IEnumerable`1 queryParameters, Boolean readErrorBody, Object userState, CancellationToken cancellationToken)
   at GitHub.Actions.RunService.WebApi.BrokerHttpClient.GetRunnerMessageAsync(Nullable`1 sessionId, String runnerVersion, Nullable`1 status, String os, String architecture, Nullable`1 disableUpdate, CancellationToken cancellationToken)
   at GitHub.Runner.Common.BrokerServer.<>c__DisplayClass7_0.<<GetRunnerMessageAsync>b__0>d.MoveNext()
--- End of stack trace from previous location ---
   at GitHub.Runner.Common.RunnerService.RetryRequest[T](Func`1 func, CancellationToken cancellationToken, Int32 maxAttempts, Func`2 shouldRetry)
[2026-02-04 01:49:45Z ERR  BrokerServer] #####################################################
[2026-02-04 01:49:45Z ERR  BrokerServer] System.Threading.Tasks.TaskCanceledException: The operation was canceled.
 ---> System.IO.IOException: Unable to read data from the transport connection: The I/O operation has been aborted because of either a thread exit or an application request..
 ---> System.Net.Sockets.SocketException (995): The I/O operation has been aborted because of either a thread exit or an application request.
   --- End of inner exception stack trace ---
   at System.Net.Sockets.Socket.AwaitableSocketAsyncEventArgs.ThrowException(SocketError error, CancellationToken cancellationToken)
   at System.Net.Sockets.Socket.AwaitableSocketAsyncEventArgs.System.Threading.Tasks.Sources.IValueTaskSource<System.Int32>.GetResult(Int16 token)
   at System.Net.Security.SslStream.EnsureFullTlsFrameAsync[TIOAdapter](CancellationToken cancellationToken, Int32 estimatedSize)
   at System.Runtime.CompilerServices.PoolingAsyncValueTaskMethodBuilder`1.StateMachineBox`1.System.Threading.Tasks.Sources.IValueTaskSource<TResult>.GetResult(Int16 token)
   at System.Net.Security.SslStream.ReadAsyncInternal[TIOAdapter](Memory`1 buffer, CancellationToken cancellationToken)
   at System.Runtime.CompilerServices.PoolingAsyncValueTaskMethodBuilder`1.StateMachineBox`1.System.Threading.Tasks.Sources.IValueTaskSource<TResult>.GetResult(Int16 token)
   at System.Net.Http.HttpConnection.SendAsync(HttpRequestMessage request, Boolean async, CancellationToken cancellationToken)
   --- End of inner exception stack trace ---
   at System.Net.Http.HttpConnection.SendAsync(HttpRequestMessage request, Boolean async, CancellationToken cancellationToken)
   at System.Net.Http.AuthenticationHelper.SendWithNtAuthAsync(HttpRequestMessage request, Uri authUri, Boolean async, ICredentials credentials, Boolean isProxyAuth, HttpConnection connection, HttpConnectionPool connectionPool, CancellationToken cancellationToken)
   at System.Net.Http.HttpConnectionPool.SendWithVersionDetectionAndRetryAsync(HttpRequestMessage request, Boolean async, Boolean doRequestAuth, CancellationToken cancellationToken)
   at System.Net.Http.AuthenticationHelper.SendWithAuthAsync(HttpRequestMessage request, Uri authUri, Boolean async, ICredentials credentials, Boolean preAuthenticate, Boolean isProxyAuth, Boolean doRequestAuth, HttpConnectionPool pool, CancellationToken cancellationToken)
   at System.Net.Http.RedirectHandler.SendAsync(HttpRequestMessage request, Boolean async, CancellationToken cancellationToken)
   at GitHub.Services.Common.RawHttpMessageHandler.SendAsync(HttpRequestMessage request, CancellationToken cancellationToken)
   at GitHub.Services.Common.VssHttpRetryMessageHandler.SendAsync(HttpRequestMessage request, CancellationToken cancellationToken)
   at System.Net.Http.HttpClient.<SendAsync>g__Core|83_0(HttpRequestMessage request, HttpCompletionOption completionOption, CancellationTokenSource cts, Boolean disposeCts, CancellationTokenSource pendingRequestsCts, CancellationToken originalCancellationToken)
[2026-02-04 01:49:45Z ERR  BrokerServer] #####################################################
[2026-02-04 01:49:45Z ERR  BrokerServer] System.IO.IOException: Unable to read data from the transport connection: The I/O operation has been aborted because of either a thread exit or an application request..
 ---> System.Net.Sockets.SocketException (995): The I/O operation has been aborted because of either a thread exit or an application request.
   --- End of inner exception stack trace ---
   at System.Net.Sockets.Socket.AwaitableSocketAsyncEventArgs.ThrowException(SocketError error, CancellationToken cancellationToken)
   at System.Net.Sockets.Socket.AwaitableSocketAsyncEventArgs.System.Threading.Tasks.Sources.IValueTaskSource<System.Int32>.GetResult(Int16 token)
   at System.Net.Security.SslStream.EnsureFullTlsFrameAsync[TIOAdapter](CancellationToken cancellationToken, Int32 estimatedSize)
   at System.Runtime.CompilerServices.PoolingAsyncValueTaskMethodBuilder`1.StateMachineBox`1.System.Threading.Tasks.Sources.IValueTaskSource<TResult>.GetResult(Int16 token)
   at System.Net.Security.SslStream.ReadAsyncInternal[TIOAdapter](Memory`1 buffer, CancellationToken cancellationToken)
   at System.Runtime.CompilerServices.PoolingAsyncValueTaskMethodBuilder`1.StateMachineBox`1.System.Threading.Tasks.Sources.IValueTaskSource<TResult>.GetResult(Int16 token)
   at System.Net.Http.HttpConnection.SendAsync(HttpRequestMessage request, Boolean async, CancellationToken cancellationToken)
[2026-02-04 01:49:45Z ERR  BrokerServer] #####################################################
[2026-02-04 01:49:45Z ERR  BrokerServer] System.Net.Sockets.SocketException (995): The I/O operation has been aborted because of either a thread exit or an application request.
[2026-02-04 01:49:45Z WARN BrokerServer] Back off 7.838 seconds before next retry. 4 attempt left.
[2026-02-04 01:49:45Z INFO BrokerMessageListener] Get messages has been cancelled using local token source. Continue to get messages with new status.
[2026-02-04 01:49:46Z INFO BrokerMessageListener] Acknowledging runner request '1884568e-fd68-5cf7-97cd-1d0a0bde248a'.
[2026-02-04 01:49:47Z INFO ConfigurationStore] HasCredentials()
[2026-02-04 01:49:47Z INFO ConfigurationStore] stored True
[2026-02-04 01:49:47Z INFO CredentialManager] GetCredentialProvider
[2026-02-04 01:49:47Z INFO CredentialManager] Creating type OAuth
[2026-02-04 01:49:47Z INFO CredentialManager] Creating credential type: OAuth
[2026-02-04 01:49:47Z INFO RSAEncryptedFileKeyManager] Loading RSA key parameters from file D:\github-cicd\test_workflow\actions-runner\.credentials_rsaparams
[2026-02-04 01:49:47Z INFO RSAEncryptedFileKeyManager] Loading RSA key parameters from file D:\github-cicd\test_workflow\actions-runner\.credentials_rsaparams
[2026-02-04 01:49:47Z INFO RSAEncryptedFileKeyManager] Loading RSA key parameters from file D:\github-cicd\test_workflow\actions-runner\.credentials_rsaparams
[2026-02-04 01:49:48Z INFO GitHubActionsService] AAD Correlation ID for this token request: Unknown
[2026-02-04 01:49:49Z INFO JobDispatcher] Job request 0 for plan 56bf100b-663a-40e5-bc25-2167c1693fc8 job 1884568e-fd68-5cf7-97cd-1d0a0bde248a received.
[2026-02-04 01:49:49Z INFO JobDispatcher] Pull OrchestrationId 56bf100b-663a-40e5-bc25-2167c1693fc8.build-and-run.__default from JWT claims
[2026-02-04 01:49:49Z INFO BrokerMessageListener] Received job status event. JobState: Busy
[2026-02-04 01:49:49Z INFO BrokerMessageListener] _getMessagesTokenSource is already disposed.
[2026-02-04 01:49:49Z INFO JobDispatcher] Job request d311d785-40e7-5c58-acb0-178782e31d8a processed succeed.
[2026-02-04 01:49:49Z INFO Terminal] WRITE LINE: 2026-02-04 01:49:49Z: Running job: build-and-run
[2026-02-04 01:49:49Z INFO JobDispatcher] Start renew job request 0 for job 1884568e-fd68-5cf7-97cd-1d0a0bde248a.
[2026-02-04 01:49:50Z INFO JobDispatcher] Successfully renew job 1884568e-fd68-5cf7-97cd-1d0a0bde248a, job is valid till 2/4/2026 1:59:50 AM
[2026-02-04 01:49:50Z INFO HostContext] Well known directory 'Bin': 'D:\github-cicd\test_workflow\actions-runner\bin'
[2026-02-04 01:49:50Z INFO ProcessInvokerWrapper] Starting process:
[2026-02-04 01:49:50Z INFO ProcessInvokerWrapper]   File name: 'D:\github-cicd\test_workflow\actions-runner\bin\Runner.Worker.exe'
[2026-02-04 01:49:50Z INFO ProcessInvokerWrapper]   Arguments: 'spawnclient 2140 2340'
[2026-02-04 01:49:50Z INFO ProcessInvokerWrapper]   Working directory: 'D:\github-cicd\test_workflow\actions-runner\bin'
[2026-02-04 01:49:50Z INFO ProcessInvokerWrapper]   Require exit code zero: 'False'
[2026-02-04 01:49:50Z INFO ProcessInvokerWrapper]   Encoding web name:  ; code page: ''
[2026-02-04 01:49:50Z INFO ProcessInvokerWrapper]   Force kill process on cancellation: 'True'
[2026-02-04 01:49:50Z INFO ProcessInvokerWrapper]   Redirected STDIN: 'False'
[2026-02-04 01:49:50Z INFO ProcessInvokerWrapper]   Persist current code page: 'False'
[2026-02-04 01:49:50Z INFO ProcessInvokerWrapper]   Keep redirected STDIN open: 'False'
[2026-02-04 01:49:50Z INFO ProcessInvokerWrapper]   High priority process: 'True'
[2026-02-04 01:49:50Z INFO ProcessInvokerWrapper] Process started with process id 15748, waiting for process exit.
[2026-02-04 01:49:50Z INFO JobDispatcher] Send job request message to worker for job 1884568e-fd68-5cf7-97cd-1d0a0bde248a.
[2026-02-04 01:49:50Z INFO ProcessChannel] Sending message of length 19896, with hash '7b47cd79e81c0342da512a6b0e43d4919eb943b47af21c76a2bfa5baff93cd49'
[2026-02-04 01:49:50Z INFO JobNotification] Entering JobStarted Notification
[2026-02-04 01:49:50Z INFO JobNotification] Entering StartMonitor
[2026-02-04 01:50:04Z INFO ProcessInvokerWrapper] STDOUT/STDERR stream read finished.
[2026-02-04 01:50:04Z INFO ProcessInvokerWrapper] STDOUT/STDERR stream read finished.
[2026-02-04 01:50:04Z INFO ProcessInvokerWrapper] Finished process 15748 with exit code 102, and elapsed time 00:00:14.1875949.
[2026-02-04 01:50:04Z INFO JobDispatcher] Worker finished for job 1884568e-fd68-5cf7-97cd-1d0a0bde248a. Code: 102
[2026-02-04 01:50:04Z INFO JobDispatcher] finish job request for job 1884568e-fd68-5cf7-97cd-1d0a0bde248a with result: Failed
[2026-02-04 01:50:04Z INFO Terminal] WRITE LINE: 2026-02-04 01:50:04Z: Job build-and-run completed with result: Failed
[2026-02-04 01:50:04Z INFO JobDispatcher] Stop renew job request for job 1884568e-fd68-5cf7-97cd-1d0a0bde248a.
[2026-02-04 01:50:04Z INFO JobDispatcher] job renew has been cancelled, stop renew job 1884568e-fd68-5cf7-97cd-1d0a0bde248a.
[2026-02-04 01:50:04Z INFO JobNotification] Entering JobCompleted Notification
[2026-02-04 01:50:04Z INFO JobNotification] Entering EndMonitor
[2026-02-04 01:50:04Z INFO BrokerMessageListener] Received job status event. JobState: Online
[2026-02-04 01:50:04Z WARN GitHubActionsService] GET request to https://broker.actions.githubusercontent.com/message?sessionId=20035e8e-d109-49e6-93e0-c66e7ccb1da7&status=Busy&runnerVersion=2.331.0&os=Windows&architecture=X64&disableUpdate=false has been cancelled.
[2026-02-04 01:50:04Z ERR  BrokerServer] Catch exception during request
[2026-02-04 01:50:04Z ERR  BrokerServer] System.Threading.Tasks.TaskCanceledException: The operation was canceled.
 ---> System.Threading.Tasks.TaskCanceledException: The operation was canceled.
 ---> System.IO.IOException: Unable to read data from the transport connection: The I/O operation has been aborted because of either a thread exit or an application request..
 ---> System.Net.Sockets.SocketException (995): The I/O operation has been aborted because of either a thread exit or an application request.
   --- End of inner exception stack trace ---
   at System.Net.Sockets.Socket.AwaitableSocketAsyncEventArgs.ThrowException(SocketError error, CancellationToken cancellationToken)
   at System.Net.Sockets.Socket.AwaitableSocketAsyncEventArgs.System.Threading.Tasks.Sources.IValueTaskSource<System.Int32>.GetResult(Int16 token)
   at System.Net.Security.SslStream.EnsureFullTlsFrameAsync[TIOAdapter](CancellationToken cancellationToken, Int32 estimatedSize)
   at System.Runtime.CompilerServices.PoolingAsyncValueTaskMethodBuilder`1.StateMachineBox`1.System.Threading.Tasks.Sources.IValueTaskSource<TResult>.GetResult(Int16 token)
   at System.Net.Security.SslStream.ReadAsyncInternal[TIOAdapter](Memory`1 buffer, CancellationToken cancellationToken)
   at System.Runtime.CompilerServices.PoolingAsyncValueTaskMethodBuilder`1.StateMachineBox`1.System.Threading.Tasks.Sources.IValueTaskSource<TResult>.GetResult(Int16 token)
   at System.Net.Http.HttpConnection.SendAsync(HttpRequestMessage request, Boolean async, CancellationToken cancellationToken)
   --- End of inner exception stack trace ---
   at System.Net.Http.HttpConnection.SendAsync(HttpRequestMessage request, Boolean async, CancellationToken cancellationToken)
   at System.Net.Http.AuthenticationHelper.SendWithNtAuthAsync(HttpRequestMessage request, Uri authUri, Boolean async, ICredentials credentials, Boolean isProxyAuth, HttpConnection connection, HttpConnectionPool connectionPool, CancellationToken cancellationToken)
   at System.Net.Http.HttpConnectionPool.SendWithVersionDetectionAndRetryAsync(HttpRequestMessage request, Boolean async, Boolean doRequestAuth, CancellationToken cancellationToken)
   at System.Net.Http.AuthenticationHelper.SendWithAuthAsync(HttpRequestMessage request, Uri authUri, Boolean async, ICredentials credentials, Boolean preAuthenticate, Boolean isProxyAuth, Boolean doRequestAuth, HttpConnectionPool pool, CancellationToken cancellationToken)
   at System.Net.Http.RedirectHandler.SendAsync(HttpRequestMessage request, Boolean async, CancellationToken cancellationToken)
   at GitHub.Services.Common.RawHttpMessageHandler.SendAsync(HttpRequestMessage request, CancellationToken cancellationToken)
   at GitHub.Services.Common.VssHttpRetryMessageHandler.SendAsync(HttpRequestMessage request, CancellationToken cancellationToken)
   at System.Net.Http.HttpClient.<SendAsync>g__Core|83_0(HttpRequestMessage request, HttpCompletionOption completionOption, CancellationTokenSource cts, Boolean disposeCts, CancellationTokenSource pendingRequestsCts, CancellationToken originalCancellationToken)
   --- End of inner exception stack trace ---
   at System.Net.Http.HttpClient.HandleFailure(Exception e, Boolean telemetryStarted, HttpResponseMessage response, CancellationTokenSource cts, CancellationToken cancellationToken, CancellationTokenSource pendingRequestsCts)
   at System.Net.Http.HttpClient.<SendAsync>g__Core|83_0(HttpRequestMessage request, HttpCompletionOption completionOption, CancellationTokenSource cts, Boolean disposeCts, CancellationTokenSource pendingRequestsCts, CancellationToken originalCancellationToken)
   at Sdk.WebApi.WebApi.RawHttpClientBase.SendAsync(HttpRequestMessage message, HttpCompletionOption completionOption, Object userState, CancellationToken cancellationToken)
   at Sdk.WebApi.WebApi.RawHttpClientBase.SendAsync[T](HttpRequestMessage message, Boolean readErrorBody, Object userState, CancellationToken cancellationToken)
   at Sdk.WebApi.WebApi.RawHttpClientBase.SendAsync[T](HttpMethod method, IEnumerable`1 additionalHeaders, Uri requestUri, HttpContent content, IEnumerable`1 queryParameters, Boolean readErrorBody, Object userState, CancellationToken cancellationToken)
   at GitHub.Actions.RunService.WebApi.BrokerHttpClient.GetRunnerMessageAsync(Nullable`1 sessionId, String runnerVersion, Nullable`1 status, String os, String architecture, Nullable`1 disableUpdate, CancellationToken cancellationToken)
   at GitHub.Runner.Common.BrokerServer.<>c__DisplayClass7_0.<<GetRunnerMessageAsync>b__0>d.MoveNext()
--- End of stack trace from previous location ---
   at GitHub.Runner.Common.RunnerService.RetryRequest[T](Func`1 func, CancellationToken cancellationToken, Int32 maxAttempts, Func`2 shouldRetry)
[2026-02-04 01:50:04Z ERR  BrokerServer] #####################################################
[2026-02-04 01:50:04Z ERR  BrokerServer] System.Threading.Tasks.TaskCanceledException: The operation was canceled.
 ---> System.IO.IOException: Unable to read data from the transport connection: The I/O operation has been aborted because of either a thread exit or an application request..
 ---> System.Net.Sockets.SocketException (995): The I/O operation has been aborted because of either a thread exit or an application request.
   --- End of inner exception stack trace ---
   at System.Net.Sockets.Socket.AwaitableSocketAsyncEventArgs.ThrowException(SocketError error, CancellationToken cancellationToken)
   at System.Net.Sockets.Socket.AwaitableSocketAsyncEventArgs.System.Threading.Tasks.Sources.IValueTaskSource<System.Int32>.GetResult(Int16 token)
   at System.Net.Security.SslStream.EnsureFullTlsFrameAsync[TIOAdapter](CancellationToken cancellationToken, Int32 estimatedSize)
   at System.Runtime.CompilerServices.PoolingAsyncValueTaskMethodBuilder`1.StateMachineBox`1.System.Threading.Tasks.Sources.IValueTaskSource<TResult>.GetResult(Int16 token)
   at System.Net.Security.SslStream.ReadAsyncInternal[TIOAdapter](Memory`1 buffer, CancellationToken cancellationToken)
   at System.Runtime.CompilerServices.PoolingAsyncValueTaskMethodBuilder`1.StateMachineBox`1.System.Threading.Tasks.Sources.IValueTaskSource<TResult>.GetResult(Int16 token)
   at System.Net.Http.HttpConnection.SendAsync(HttpRequestMessage request, Boolean async, CancellationToken cancellationToken)
   --- End of inner exception stack trace ---
   at System.Net.Http.HttpConnection.SendAsync(HttpRequestMessage request, Boolean async, CancellationToken cancellationToken)
   at System.Net.Http.AuthenticationHelper.SendWithNtAuthAsync(HttpRequestMessage request, Uri authUri, Boolean async, ICredentials credentials, Boolean isProxyAuth, HttpConnection connection, HttpConnectionPool connectionPool, CancellationToken cancellationToken)
   at System.Net.Http.HttpConnectionPool.SendWithVersionDetectionAndRetryAsync(HttpRequestMessage request, Boolean async, Boolean doRequestAuth, CancellationToken cancellationToken)
   at System.Net.Http.AuthenticationHelper.SendWithAuthAsync(HttpRequestMessage request, Uri authUri, Boolean async, ICredentials credentials, Boolean preAuthenticate, Boolean isProxyAuth, Boolean doRequestAuth, HttpConnectionPool pool, CancellationToken cancellationToken)
   at System.Net.Http.RedirectHandler.SendAsync(HttpRequestMessage request, Boolean async, CancellationToken cancellationToken)
   at GitHub.Services.Common.RawHttpMessageHandler.SendAsync(HttpRequestMessage request, CancellationToken cancellationToken)
   at GitHub.Services.Common.VssHttpRetryMessageHandler.SendAsync(HttpRequestMessage request, CancellationToken cancellationToken)
   at System.Net.Http.HttpClient.<SendAsync>g__Core|83_0(HttpRequestMessage request, HttpCompletionOption completionOption, CancellationTokenSource cts, Boolean disposeCts, CancellationTokenSource pendingRequestsCts, CancellationToken originalCancellationToken)
[2026-02-04 01:50:04Z ERR  BrokerServer] #####################################################
[2026-02-04 01:50:04Z ERR  BrokerServer] System.IO.IOException: Unable to read data from the transport connection: The I/O operation has been aborted because of either a thread exit or an application request..
 ---> System.Net.Sockets.SocketException (995): The I/O operation has been aborted because of either a thread exit or an application request.
   --- End of inner exception stack trace ---
   at System.Net.Sockets.Socket.AwaitableSocketAsyncEventArgs.ThrowException(SocketError error, CancellationToken cancellationToken)
   at System.Net.Sockets.Socket.AwaitableSocketAsyncEventArgs.System.Threading.Tasks.Sources.IValueTaskSource<System.Int32>.GetResult(Int16 token)
   at System.Net.Security.SslStream.EnsureFullTlsFrameAsync[TIOAdapter](CancellationToken cancellationToken, Int32 estimatedSize)
   at System.Runtime.CompilerServices.PoolingAsyncValueTaskMethodBuilder`1.StateMachineBox`1.System.Threading.Tasks.Sources.IValueTaskSource<TResult>.GetResult(Int16 token)
   at System.Net.Security.SslStream.ReadAsyncInternal[TIOAdapter](Memory`1 buffer, CancellationToken cancellationToken)
   at System.Runtime.CompilerServices.PoolingAsyncValueTaskMethodBuilder`1.StateMachineBox`1.System.Threading.Tasks.Sources.IValueTaskSource<TResult>.GetResult(Int16 token)
   at System.Net.Http.HttpConnection.SendAsync(HttpRequestMessage request, Boolean async, CancellationToken cancellationToken)
[2026-02-04 01:50:04Z ERR  BrokerServer] #####################################################
[2026-02-04 01:50:04Z ERR  BrokerServer] System.Net.Sockets.SocketException (995): The I/O operation has been aborted because of either a thread exit or an application request.
[2026-02-04 01:50:04Z WARN BrokerServer] Back off 12.077 seconds before next retry. 4 attempt left.
[2026-02-04 01:50:04Z INFO BrokerMessageListener] Get messages has been cancelled using local token source. Continue to get messages with new status.
[2026-02-04 01:50:05Z INFO BrokerMessageListener] Acknowledging runner request 'e8f88c7d-bd01-5121-9ff0-60e58307cf8d'.
[2026-02-04 01:50:05Z INFO ConfigurationStore] HasCredentials()
[2026-02-04 01:50:05Z INFO ConfigurationStore] stored True
[2026-02-04 01:50:05Z INFO CredentialManager] GetCredentialProvider
[2026-02-04 01:50:05Z INFO CredentialManager] Creating type OAuth
[2026-02-04 01:50:05Z INFO CredentialManager] Creating credential type: OAuth
[2026-02-04 01:50:05Z INFO RSAEncryptedFileKeyManager] Loading RSA key parameters from file D:\github-cicd\test_workflow\actions-runner\.credentials_rsaparams
[2026-02-04 01:50:05Z INFO RSAEncryptedFileKeyManager] Loading RSA key parameters from file D:\github-cicd\test_workflow\actions-runner\.credentials_rsaparams
[2026-02-04 01:50:05Z INFO RSAEncryptedFileKeyManager] Loading RSA key parameters from file D:\github-cicd\test_workflow\actions-runner\.credentials_rsaparams
[2026-02-04 01:50:06Z INFO GitHubActionsService] AAD Correlation ID for this token request: Unknown
[2026-02-04 01:50:08Z INFO JobDispatcher] Job request 0 for plan 16def76d-1c87-4689-ba2e-73435a320964 job e8f88c7d-bd01-5121-9ff0-60e58307cf8d received.
[2026-02-04 01:50:08Z INFO JobDispatcher] Pull OrchestrationId 16def76d-1c87-4689-ba2e-73435a320964.build-and-run.__default from JWT claims
[2026-02-04 01:50:08Z INFO BrokerMessageListener] Received job status event. JobState: Busy
[2026-02-04 01:50:08Z INFO BrokerMessageListener] _getMessagesTokenSource is already disposed.
[2026-02-04 01:50:08Z INFO JobDispatcher] Job request 1884568e-fd68-5cf7-97cd-1d0a0bde248a processed succeed.
[2026-02-04 01:50:08Z INFO Terminal] WRITE LINE: 2026-02-04 01:50:08Z: Running job: build-and-run
[2026-02-04 01:50:08Z INFO JobDispatcher] Start renew job request 0 for job e8f88c7d-bd01-5121-9ff0-60e58307cf8d.
[2026-02-04 01:50:08Z INFO JobDispatcher] Successfully renew job e8f88c7d-bd01-5121-9ff0-60e58307cf8d, job is valid till 2/4/2026 2:00:08 AM
[2026-02-04 01:50:08Z INFO HostContext] Well known directory 'Bin': 'D:\github-cicd\test_workflow\actions-runner\bin'
[2026-02-04 01:50:08Z INFO ProcessInvokerWrapper] Starting process:
[2026-02-04 01:50:08Z INFO ProcessInvokerWrapper]   File name: 'D:\github-cicd\test_workflow\actions-runner\bin\Runner.Worker.exe'
[2026-02-04 01:50:08Z INFO ProcessInvokerWrapper]   Arguments: 'spawnclient 2384 2404'
[2026-02-04 01:50:08Z INFO ProcessInvokerWrapper]   Working directory: 'D:\github-cicd\test_workflow\actions-runner\bin'
[2026-02-04 01:50:08Z INFO ProcessInvokerWrapper]   Require exit code zero: 'False'
[2026-02-04 01:50:08Z INFO ProcessInvokerWrapper]   Encoding web name:  ; code page: ''
[2026-02-04 01:50:08Z INFO ProcessInvokerWrapper]   Force kill process on cancellation: 'True'
[2026-02-04 01:50:08Z INFO ProcessInvokerWrapper]   Redirected STDIN: 'False'
[2026-02-04 01:50:08Z INFO ProcessInvokerWrapper]   Persist current code page: 'False'
[2026-02-04 01:50:08Z INFO ProcessInvokerWrapper]   Keep redirected STDIN open: 'False'
[2026-02-04 01:50:08Z INFO ProcessInvokerWrapper]   High priority process: 'True'
[2026-02-04 01:50:08Z INFO ProcessInvokerWrapper] Process started with process id 13640, waiting for process exit.
[2026-02-04 01:50:08Z INFO JobDispatcher] Send job request message to worker for job e8f88c7d-bd01-5121-9ff0-60e58307cf8d.
[2026-02-04 01:50:08Z INFO ProcessChannel] Sending message of length 19895, with hash '0c361cbe18bf43bea577f8ff7fdadd763c55e675475b66c9ec66c042fce91b60'
[2026-02-04 01:50:09Z INFO JobNotification] Entering JobStarted Notification
[2026-02-04 01:50:09Z INFO JobNotification] Entering StartMonitor
[2026-02-04 01:50:23Z INFO ProcessInvokerWrapper] STDOUT/STDERR stream read finished.
[2026-02-04 01:50:23Z INFO ProcessInvokerWrapper] STDOUT/STDERR stream read finished.
[2026-02-04 01:50:23Z INFO ProcessInvokerWrapper] Finished process 13640 with exit code 102, and elapsed time 00:00:14.4447096.
[2026-02-04 01:50:23Z INFO JobDispatcher] Worker finished for job e8f88c7d-bd01-5121-9ff0-60e58307cf8d. Code: 102
[2026-02-04 01:50:23Z INFO JobDispatcher] finish job request for job e8f88c7d-bd01-5121-9ff0-60e58307cf8d with result: Failed
[2026-02-04 01:50:23Z INFO Terminal] WRITE LINE: 2026-02-04 01:50:23Z: Job build-and-run completed with result: Failed
[2026-02-04 01:50:23Z INFO JobDispatcher] Stop renew job request for job e8f88c7d-bd01-5121-9ff0-60e58307cf8d.
[2026-02-04 01:50:23Z INFO JobDispatcher] job renew has been cancelled, stop renew job e8f88c7d-bd01-5121-9ff0-60e58307cf8d.
[2026-02-04 01:50:23Z INFO JobNotification] Entering JobCompleted Notification
[2026-02-04 01:50:23Z INFO JobNotification] Entering EndMonitor
[2026-02-04 01:50:23Z INFO BrokerMessageListener] Received job status event. JobState: Online
[2026-02-04 01:50:23Z WARN GitHubActionsService] GET request to https://broker.actions.githubusercontent.com/message?sessionId=20035e8e-d109-49e6-93e0-c66e7ccb1da7&status=Busy&runnerVersion=2.331.0&os=Windows&architecture=X64&disableUpdate=false has been cancelled.
[2026-02-04 01:50:23Z ERR  BrokerServer] Catch exception during request
[2026-02-04 01:50:23Z ERR  BrokerServer] System.Threading.Tasks.TaskCanceledException: The operation was canceled.
 ---> System.Threading.Tasks.TaskCanceledException: The operation was canceled.
 ---> System.IO.IOException: Unable to read data from the transport connection: The I/O operation has been aborted because of either a thread exit or an application request..
 ---> System.Net.Sockets.SocketException (995): The I/O operation has been aborted because of either a thread exit or an application request.
   --- End of inner exception stack trace ---
   at System.Net.Sockets.Socket.AwaitableSocketAsyncEventArgs.ThrowException(SocketError error, CancellationToken cancellationToken)
   at System.Net.Sockets.Socket.AwaitableSocketAsyncEventArgs.System.Threading.Tasks.Sources.IValueTaskSource<System.Int32>.GetResult(Int16 token)
   at System.Net.Security.SslStream.EnsureFullTlsFrameAsync[TIOAdapter](CancellationToken cancellationToken, Int32 estimatedSize)
   at System.Runtime.CompilerServices.PoolingAsyncValueTaskMethodBuilder`1.StateMachineBox`1.System.Threading.Tasks.Sources.IValueTaskSource<TResult>.GetResult(Int16 token)
   at System.Net.Security.SslStream.ReadAsyncInternal[TIOAdapter](Memory`1 buffer, CancellationToken cancellationToken)
   at System.Runtime.CompilerServices.PoolingAsyncValueTaskMethodBuilder`1.StateMachineBox`1.System.Threading.Tasks.Sources.IValueTaskSource<TResult>.GetResult(Int16 token)
   at System.Net.Http.HttpConnection.SendAsync(HttpRequestMessage request, Boolean async, CancellationToken cancellationToken)
   --- End of inner exception stack trace ---
   at System.Net.Http.HttpConnection.SendAsync(HttpRequestMessage request, Boolean async, CancellationToken cancellationToken)
   at System.Net.Http.AuthenticationHelper.SendWithNtAuthAsync(HttpRequestMessage request, Uri authUri, Boolean async, ICredentials credentials, Boolean isProxyAuth, HttpConnection connection, HttpConnectionPool connectionPool, CancellationToken cancellationToken)
   at System.Net.Http.HttpConnectionPool.SendWithVersionDetectionAndRetryAsync(HttpRequestMessage request, Boolean async, Boolean doRequestAuth, CancellationToken cancellationToken)
   at System.Net.Http.AuthenticationHelper.SendWithAuthAsync(HttpRequestMessage request, Uri authUri, Boolean async, ICredentials credentials, Boolean preAuthenticate, Boolean isProxyAuth, Boolean doRequestAuth, HttpConnectionPool pool, CancellationToken cancellationToken)
   at System.Net.Http.RedirectHandler.SendAsync(HttpRequestMessage request, Boolean async, CancellationToken cancellationToken)
   at GitHub.Services.Common.RawHttpMessageHandler.SendAsync(HttpRequestMessage request, CancellationToken cancellationToken)
   at GitHub.Services.Common.VssHttpRetryMessageHandler.SendAsync(HttpRequestMessage request, CancellationToken cancellationToken)
   at System.Net.Http.HttpClient.<SendAsync>g__Core|83_0(HttpRequestMessage request, HttpCompletionOption completionOption, CancellationTokenSource cts, Boolean disposeCts, CancellationTokenSource pendingRequestsCts, CancellationToken originalCancellationToken)
   --- End of inner exception stack trace ---
   at System.Net.Http.HttpClient.HandleFailure(Exception e, Boolean telemetryStarted, HttpResponseMessage response, CancellationTokenSource cts, CancellationToken cancellationToken, CancellationTokenSource pendingRequestsCts)
   at System.Net.Http.HttpClient.<SendAsync>g__Core|83_0(HttpRequestMessage request, HttpCompletionOption completionOption, CancellationTokenSource cts, Boolean disposeCts, CancellationTokenSource pendingRequestsCts, CancellationToken originalCancellationToken)
   at Sdk.WebApi.WebApi.RawHttpClientBase.SendAsync(HttpRequestMessage message, HttpCompletionOption completionOption, Object userState, CancellationToken cancellationToken)
   at Sdk.WebApi.WebApi.RawHttpClientBase.SendAsync[T](HttpRequestMessage message, Boolean readErrorBody, Object userState, CancellationToken cancellationToken)
   at Sdk.WebApi.WebApi.RawHttpClientBase.SendAsync[T](HttpMethod method, IEnumerable`1 additionalHeaders, Uri requestUri, HttpContent content, IEnumerable`1 queryParameters, Boolean readErrorBody, Object userState, CancellationToken cancellationToken)
   at GitHub.Actions.RunService.WebApi.BrokerHttpClient.GetRunnerMessageAsync(Nullable`1 sessionId, String runnerVersion, Nullable`1 status, String os, String architecture, Nullable`1 disableUpdate, CancellationToken cancellationToken)
   at GitHub.Runner.Common.BrokerServer.<>c__DisplayClass7_0.<<GetRunnerMessageAsync>b__0>d.MoveNext()
--- End of stack trace from previous location ---
   at GitHub.Runner.Common.RunnerService.RetryRequest[T](Func`1 func, CancellationToken cancellationToken, Int32 maxAttempts, Func`2 shouldRetry)
[2026-02-04 01:50:23Z ERR  BrokerServer] #####################################################
[2026-02-04 01:50:23Z ERR  BrokerServer] System.Threading.Tasks.TaskCanceledException: The operation was canceled.
 ---> System.IO.IOException: Unable to read data from the transport connection: The I/O operation has been aborted because of either a thread exit or an application request..
 ---> System.Net.Sockets.SocketException (995): The I/O operation has been aborted because of either a thread exit or an application request.
   --- End of inner exception stack trace ---
   at System.Net.Sockets.Socket.AwaitableSocketAsyncEventArgs.ThrowException(SocketError error, CancellationToken cancellationToken)
   at System.Net.Sockets.Socket.AwaitableSocketAsyncEventArgs.System.Threading.Tasks.Sources.IValueTaskSource<System.Int32>.GetResult(Int16 token)
   at System.Net.Security.SslStream.EnsureFullTlsFrameAsync[TIOAdapter](CancellationToken cancellationToken, Int32 estimatedSize)
   at System.Runtime.CompilerServices.PoolingAsyncValueTaskMethodBuilder`1.StateMachineBox`1.System.Threading.Tasks.Sources.IValueTaskSource<TResult>.GetResult(Int16 token)
   at System.Net.Security.SslStream.ReadAsyncInternal[TIOAdapter](Memory`1 buffer, CancellationToken cancellationToken)
   at System.Runtime.CompilerServices.PoolingAsyncValueTaskMethodBuilder`1.StateMachineBox`1.System.Threading.Tasks.Sources.IValueTaskSource<TResult>.GetResult(Int16 token)
   at System.Net.Http.HttpConnection.SendAsync(HttpRequestMessage request, Boolean async, CancellationToken cancellationToken)
   --- End of inner exception stack trace ---
   at System.Net.Http.HttpConnection.SendAsync(HttpRequestMessage request, Boolean async, CancellationToken cancellationToken)
   at System.Net.Http.AuthenticationHelper.SendWithNtAuthAsync(HttpRequestMessage request, Uri authUri, Boolean async, ICredentials credentials, Boolean isProxyAuth, HttpConnection connection, HttpConnectionPool connectionPool, CancellationToken cancellationToken)
   at System.Net.Http.HttpConnectionPool.SendWithVersionDetectionAndRetryAsync(HttpRequestMessage request, Boolean async, Boolean doRequestAuth, CancellationToken cancellationToken)
   at System.Net.Http.AuthenticationHelper.SendWithAuthAsync(HttpRequestMessage request, Uri authUri, Boolean async, ICredentials credentials, Boolean preAuthenticate, Boolean isProxyAuth, Boolean doRequestAuth, HttpConnectionPool pool, CancellationToken cancellationToken)
   at System.Net.Http.RedirectHandler.SendAsync(HttpRequestMessage request, Boolean async, CancellationToken cancellationToken)
   at GitHub.Services.Common.RawHttpMessageHandler.SendAsync(HttpRequestMessage request, CancellationToken cancellationToken)
   at GitHub.Services.Common.VssHttpRetryMessageHandler.SendAsync(HttpRequestMessage request, CancellationToken cancellationToken)
   at System.Net.Http.HttpClient.<SendAsync>g__Core|83_0(HttpRequestMessage request, HttpCompletionOption completionOption, CancellationTokenSource cts, Boolean disposeCts, CancellationTokenSource pendingRequestsCts, CancellationToken originalCancellationToken)
[2026-02-04 01:50:23Z ERR  BrokerServer] #####################################################
[2026-02-04 01:50:23Z ERR  BrokerServer] System.IO.IOException: Unable to read data from the transport connection: The I/O operation has been aborted because of either a thread exit or an application request..
 ---> System.Net.Sockets.SocketException (995): The I/O operation has been aborted because of either a thread exit or an application request.
   --- End of inner exception stack trace ---
   at System.Net.Sockets.Socket.AwaitableSocketAsyncEventArgs.ThrowException(SocketError error, CancellationToken cancellationToken)
   at System.Net.Sockets.Socket.AwaitableSocketAsyncEventArgs.System.Threading.Tasks.Sources.IValueTaskSource<System.Int32>.GetResult(Int16 token)
   at System.Net.Security.SslStream.EnsureFullTlsFrameAsync[TIOAdapter](CancellationToken cancellationToken, Int32 estimatedSize)
   at System.Runtime.CompilerServices.PoolingAsyncValueTaskMethodBuilder`1.StateMachineBox`1.System.Threading.Tasks.Sources.IValueTaskSource<TResult>.GetResult(Int16 token)
   at System.Net.Security.SslStream.ReadAsyncInternal[TIOAdapter](Memory`1 buffer, CancellationToken cancellationToken)
   at System.Runtime.CompilerServices.PoolingAsyncValueTaskMethodBuilder`1.StateMachineBox`1.System.Threading.Tasks.Sources.IValueTaskSource<TResult>.GetResult(Int16 token)
   at System.Net.Http.HttpConnection.SendAsync(HttpRequestMessage request, Boolean async, CancellationToken cancellationToken)
[2026-02-04 01:50:23Z ERR  BrokerServer] #####################################################
[2026-02-04 01:50:23Z ERR  BrokerServer] System.Net.Sockets.SocketException (995): The I/O operation has been aborted because of either a thread exit or an application request.
[2026-02-04 01:50:23Z WARN BrokerServer] Back off 11.518 seconds before next retry. 4 attempt left.
[2026-02-04 01:50:23Z INFO BrokerMessageListener] Get messages has been cancelled using local token source. Continue to get messages with new status.
[2026-02-04 01:50:41Z INFO Terminal] WRITE LINE: Exiting...
[2026-02-04 01:50:41Z INFO ConfigurationStore] IsServiceConfigured()
[2026-02-04 01:50:41Z INFO ConfigurationStore] IsServiceConfigured: False
[2026-02-04 01:50:41Z INFO HostContext] Runner will be shutdown for UserCancelled
[2026-02-04 01:50:41Z WARN GitHubActionsService] GET request to https://broker.actions.githubusercontent.com/message?sessionId=20035e8e-d109-49e6-93e0-c66e7ccb1da7&status=Online&runnerVersion=2.331.0&os=Windows&architecture=X64&disableUpdate=false has been cancelled.
[2026-02-04 01:50:41Z ERR  BrokerServer] Catch exception during request
[2026-02-04 01:50:41Z ERR  BrokerServer] System.Threading.Tasks.TaskCanceledException: The operation was canceled.
 ---> System.Threading.Tasks.TaskCanceledException: The operation was canceled.
 ---> System.IO.IOException: Unable to read data from the transport connection: The I/O operation has been aborted because of either a thread exit or an application request..
 ---> System.Net.Sockets.SocketException (995): The I/O operation has been aborted because of either a thread exit or an application request.
   --- End of inner exception stack trace ---
   at System.Net.Sockets.Socket.AwaitableSocketAsyncEventArgs.ThrowException(SocketError error, CancellationToken cancellationToken)
   at System.Net.Sockets.Socket.AwaitableSocketAsyncEventArgs.System.Threading.Tasks.Sources.IValueTaskSource<System.Int32>.GetResult(Int16 token)
   at System.Net.Security.SslStream.EnsureFullTlsFrameAsync[TIOAdapter](CancellationToken cancellationToken, Int32 estimatedSize)
   at System.Runtime.CompilerServices.PoolingAsyncValueTaskMethodBuilder`1.StateMachineBox`1.System.Threading.Tasks.Sources.IValueTaskSource<TResult>.GetResult(Int16 token)
   at System.Net.Security.SslStream.ReadAsyncInternal[TIOAdapter](Memory`1 buffer, CancellationToken cancellationToken)
   at System.Runtime.CompilerServices.PoolingAsyncValueTaskMethodBuilder`1.StateMachineBox`1.System.Threading.Tasks.Sources.IValueTaskSource<TResult>.GetResult(Int16 token)
   at System.Net.Http.HttpConnection.InitialFillAsync(Boolean async)
   at System.Net.Http.HttpConnection.SendAsync(HttpRequestMessage request, Boolean async, CancellationToken cancellationToken)
   --- End of inner exception stack trace ---
   at System.Net.Http.HttpConnection.SendAsync(HttpRequestMessage request, Boolean async, CancellationToken cancellationToken)
   at System.Net.Http.AuthenticationHelper.SendWithNtAuthAsync(HttpRequestMessage request, Uri authUri, Boolean async, ICredentials credentials, Boolean isProxyAuth, HttpConnection connection, HttpConnectionPool connectionPool, CancellationToken cancellationToken)
   at System.Net.Http.HttpConnectionPool.SendWithVersionDetectionAndRetryAsync(HttpRequestMessage request, Boolean async, Boolean doRequestAuth, CancellationToken cancellationToken)
   at System.Net.Http.AuthenticationHelper.SendWithAuthAsync(HttpRequestMessage request, Uri authUri, Boolean async, ICredentials credentials, Boolean preAuthenticate, Boolean isProxyAuth, Boolean doRequestAuth, HttpConnectionPool pool, CancellationToken cancellationToken)
   at System.Net.Http.RedirectHandler.SendAsync(HttpRequestMessage request, Boolean async, CancellationToken cancellationToken)
   at GitHub.Services.Common.RawHttpMessageHandler.SendAsync(HttpRequestMessage request, CancellationToken cancellationToken)
   at GitHub.Services.Common.VssHttpRetryMessageHandler.SendAsync(HttpRequestMessage request, CancellationToken cancellationToken)
   at System.Net.Http.HttpClient.<SendAsync>g__Core|83_0(HttpRequestMessage request, HttpCompletionOption completionOption, CancellationTokenSource cts, Boolean disposeCts, CancellationTokenSource pendingRequestsCts, CancellationToken originalCancellationToken)
   --- End of inner exception stack trace ---
   at System.Net.Http.HttpClient.HandleFailure(Exception e, Boolean telemetryStarted, HttpResponseMessage response, CancellationTokenSource cts, CancellationToken cancellationToken, CancellationTokenSource pendingRequestsCts)
   at System.Net.Http.HttpClient.<SendAsync>g__Core|83_0(HttpRequestMessage request, HttpCompletionOption completionOption, CancellationTokenSource cts, Boolean disposeCts, CancellationTokenSource pendingRequestsCts, CancellationToken originalCancellationToken)
   at Sdk.WebApi.WebApi.RawHttpClientBase.SendAsync(HttpRequestMessage message, HttpCompletionOption completionOption, Object userState, CancellationToken cancellationToken)
   at Sdk.WebApi.WebApi.RawHttpClientBase.SendAsync[T](HttpRequestMessage message, Boolean readErrorBody, Object userState, CancellationToken cancellationToken)
   at Sdk.WebApi.WebApi.RawHttpClientBase.SendAsync[T](HttpMethod method, IEnumerable`1 additionalHeaders, Uri requestUri, HttpContent content, IEnumerable`1 queryParameters, Boolean readErrorBody, Object userState, CancellationToken cancellationToken)
   at GitHub.Actions.RunService.WebApi.BrokerHttpClient.GetRunnerMessageAsync(Nullable`1 sessionId, String runnerVersion, Nullable`1 status, String os, String architecture, Nullable`1 disableUpdate, CancellationToken cancellationToken)
   at GitHub.Runner.Common.BrokerServer.<>c__DisplayClass7_0.<<GetRunnerMessageAsync>b__0>d.MoveNext()
--- End of stack trace from previous location ---
   at GitHub.Runner.Common.RunnerService.RetryRequest[T](Func`1 func, CancellationToken cancellationToken, Int32 maxAttempts, Func`2 shouldRetry)
[2026-02-04 01:50:41Z ERR  BrokerServer] #####################################################
[2026-02-04 01:50:41Z ERR  BrokerServer] System.Threading.Tasks.TaskCanceledException: The operation was canceled.
 ---> System.IO.IOException: Unable to read data from the transport connection: The I/O operation has been aborted because of either a thread exit or an application request..
 ---> System.Net.Sockets.SocketException (995): The I/O operation has been aborted because of either a thread exit or an application request.
   --- End of inner exception stack trace ---
   at System.Net.Sockets.Socket.AwaitableSocketAsyncEventArgs.ThrowException(SocketError error, CancellationToken cancellationToken)
   at System.Net.Sockets.Socket.AwaitableSocketAsyncEventArgs.System.Threading.Tasks.Sources.IValueTaskSource<System.Int32>.GetResult(Int16 token)
   at System.Net.Security.SslStream.EnsureFullTlsFrameAsync[TIOAdapter](CancellationToken cancellationToken, Int32 estimatedSize)
   at System.Runtime.CompilerServices.PoolingAsyncValueTaskMethodBuilder`1.StateMachineBox`1.System.Threading.Tasks.Sources.IValueTaskSource<TResult>.GetResult(Int16 token)
   at System.Net.Security.SslStream.ReadAsyncInternal[TIOAdapter](Memory`1 buffer, CancellationToken cancellationToken)
   at System.Runtime.CompilerServices.PoolingAsyncValueTaskMethodBuilder`1.StateMachineBox`1.System.Threading.Tasks.Sources.IValueTaskSource<TResult>.GetResult(Int16 token)
   at System.Net.Http.HttpConnection.InitialFillAsync(Boolean async)
   at System.Net.Http.HttpConnection.SendAsync(HttpRequestMessage request, Boolean async, CancellationToken cancellationToken)
   --- End of inner exception stack trace ---
   at System.Net.Http.HttpConnection.SendAsync(HttpRequestMessage request, Boolean async, CancellationToken cancellationToken)
   at System.Net.Http.AuthenticationHelper.SendWithNtAuthAsync(HttpRequestMessage request, Uri authUri, Boolean async, ICredentials credentials, Boolean isProxyAuth, HttpConnection connection, HttpConnectionPool connectionPool, CancellationToken cancellationToken)
   at System.Net.Http.HttpConnectionPool.SendWithVersionDetectionAndRetryAsync(HttpRequestMessage request, Boolean async, Boolean doRequestAuth, CancellationToken cancellationToken)
   at System.Net.Http.AuthenticationHelper.SendWithAuthAsync(HttpRequestMessage request, Uri authUri, Boolean async, ICredentials credentials, Boolean preAuthenticate, Boolean isProxyAuth, Boolean doRequestAuth, HttpConnectionPool pool, CancellationToken cancellationToken)
   at System.Net.Http.RedirectHandler.SendAsync(HttpRequestMessage request, Boolean async, CancellationToken cancellationToken)
   at GitHub.Services.Common.RawHttpMessageHandler.SendAsync(HttpRequestMessage request, CancellationToken cancellationToken)
   at GitHub.Services.Common.VssHttpRetryMessageHandler.SendAsync(HttpRequestMessage request, CancellationToken cancellationToken)
   at System.Net.Http.HttpClient.<SendAsync>g__Core|83_0(HttpRequestMessage request, HttpCompletionOption completionOption, CancellationTokenSource cts, Boolean disposeCts, CancellationTokenSource pendingRequestsCts, CancellationToken originalCancellationToken)
[2026-02-04 01:50:41Z ERR  BrokerServer] #####################################################
[2026-02-04 01:50:41Z ERR  BrokerServer] System.IO.IOException: Unable to read data from the transport connection: The I/O operation has been aborted because of either a thread exit or an application request..
 ---> System.Net.Sockets.SocketException (995): The I/O operation has been aborted because of either a thread exit or an application request.
   --- End of inner exception stack trace ---
   at System.Net.Sockets.Socket.AwaitableSocketAsyncEventArgs.ThrowException(SocketError error, CancellationToken cancellationToken)
   at System.Net.Sockets.Socket.AwaitableSocketAsyncEventArgs.System.Threading.Tasks.Sources.IValueTaskSource<System.Int32>.GetResult(Int16 token)
   at System.Net.Security.SslStream.EnsureFullTlsFrameAsync[TIOAdapter](CancellationToken cancellationToken, Int32 estimatedSize)
   at System.Runtime.CompilerServices.PoolingAsyncValueTaskMethodBuilder`1.StateMachineBox`1.System.Threading.Tasks.Sources.IValueTaskSource<TResult>.GetResult(Int16 token)
   at System.Net.Security.SslStream.ReadAsyncInternal[TIOAdapter](Memory`1 buffer, CancellationToken cancellationToken)
   at System.Runtime.CompilerServices.PoolingAsyncValueTaskMethodBuilder`1.StateMachineBox`1.System.Threading.Tasks.Sources.IValueTaskSource<TResult>.GetResult(Int16 token)
   at System.Net.Http.HttpConnection.InitialFillAsync(Boolean async)
   at System.Net.Http.HttpConnection.SendAsync(HttpRequestMessage request, Boolean async, CancellationToken cancellationToken)
[2026-02-04 01:50:41Z ERR  BrokerServer] #####################################################
[2026-02-04 01:50:41Z ERR  BrokerServer] System.Net.Sockets.SocketException (995): The I/O operation has been aborted because of either a thread exit or an application request.
[2026-02-04 01:50:41Z WARN BrokerServer] Back off 10.402 seconds before next retry. 4 attempt left.
[2026-02-04 01:50:41Z INFO BrokerMessageListener] Get next message has been cancelled.
[2026-02-04 01:50:41Z INFO JobDispatcher] Shutting down JobDispatcher. Make sure all WorkerDispatcher has finished.
[2026-02-04 01:50:41Z INFO JobDispatcher] Ensure WorkerDispatcher for job e8f88c7d-bd01-5121-9ff0-60e58307cf8d run to finish, cancel any running job.
[2026-02-04 01:50:41Z INFO JobDispatcher] Job request e8f88c7d-bd01-5121-9ff0-60e58307cf8d processed succeed.
[2026-02-04 01:50:41Z INFO Runner] Deleting Runner Session...
[2026-02-04 01:50:42Z INFO Terminal] WRITE LINE: Exiting...
[2026-02-04 01:50:42Z INFO ConfigurationStore] IsServiceConfigured()
[2026-02-04 01:50:42Z INFO ConfigurationStore] IsServiceConfigured: False
[2026-02-04 01:50:42Z INFO HostContext] Runner will be shutdown for UserCancelled
[2026-02-04 01:50:42Z INFO Terminal] WRITE LINE: Exiting...
[2026-02-04 01:50:42Z INFO ConfigurationStore] IsServiceConfigured()
[2026-02-04 01:50:42Z INFO ConfigurationStore] IsServiceConfigured: False
[2026-02-04 01:50:42Z INFO HostContext] Runner will be shutdown for UserCancelled
[2026-02-04 01:50:42Z INFO Listener] Runner execution been cancelled.
