[2026-02-04 01:52:22Z INFO HostContext] No proxy settings were found based on environmental variables (http_proxy/https_proxy/HTTP_PROXY/HTTPS_PROXY)
[2026-02-04 01:52:22Z INFO HostContext] Well known directory 'Bin': 'D:\github-cicd\test_workflow\actions-runner\bin'
[2026-02-04 01:52:22Z INFO HostContext] Well known directory 'Root': 'D:\github-cicd\test_workflow\actions-runner'
[2026-02-04 01:52:22Z INFO HostContext] Well known config file 'Credentials': 'D:\github-cicd\test_workflow\actions-runner\.credentials'
[2026-02-04 01:52:22Z INFO HostContext] Well known directory 'Bin': 'D:\github-cicd\test_workflow\actions-runner\bin'
[2026-02-04 01:52:22Z INFO HostContext] Well known directory 'Root': 'D:\github-cicd\test_workflow\actions-runner'
[2026-02-04 01:52:22Z INFO HostContext] Well known config file 'Runner': 'D:\github-cicd\test_workflow\actions-runner\.runner'
[2026-02-04 01:52:22Z INFO Listener] Runner is built for Windows (X64) - win-x64.
[2026-02-04 01:52:22Z INFO Listener] RuntimeInformation: Microsoft Windows 10.0.26100.
[2026-02-04 01:52:22Z INFO Listener] Version: 2.331.0
[2026-02-04 01:52:22Z INFO Listener] Commit: 39f6c643d3032f8795fa71f1482731ca90c8e038
[2026-02-04 01:52:22Z INFO Listener] Culture: en-US
[2026-02-04 01:52:22Z INFO Listener] UI Culture: en-US
[2026-02-04 01:52:22Z INFO HostContext] Well known directory 'Bin': 'D:\github-cicd\test_workflow\actions-runner\bin'
[2026-02-04 01:52:22Z INFO HostContext] Well known directory 'Root': 'D:\github-cicd\test_workflow\actions-runner'
[2026-02-04 01:52:22Z INFO Listener] Validating directory permissions for: 'D:\github-cicd\test_workflow\actions-runner'
[2026-02-04 01:52:22Z INFO CommandLineParser] Parse
[2026-02-04 01:52:22Z INFO CommandLineParser] Parsing 1 args
[2026-02-04 01:52:22Z INFO CommandLineParser] parsing argument
[2026-02-04 01:52:22Z INFO CommandLineParser] HasArgs: False
[2026-02-04 01:52:22Z INFO CommandLineParser] Adding Command: run
[2026-02-04 01:52:22Z INFO Listener] Arguments parsed
[2026-02-04 01:52:22Z INFO Runner] ExecuteCommand
[2026-02-04 01:52:22Z INFO ConfigurationStore] currentAssemblyLocation: D:\github-cicd\test_workflow\actions-runner\bin\Runner.Listener.dll
[2026-02-04 01:52:22Z INFO HostContext] Well known directory 'Bin': 'D:\github-cicd\test_workflow\actions-runner\bin'
[2026-02-04 01:52:22Z INFO ConfigurationStore] binPath: D:\github-cicd\test_workflow\actions-runner\bin
[2026-02-04 01:52:22Z INFO HostContext] Well known directory 'Bin': 'D:\github-cicd\test_workflow\actions-runner\bin'
[2026-02-04 01:52:22Z INFO HostContext] Well known directory 'Root': 'D:\github-cicd\test_workflow\actions-runner'
[2026-02-04 01:52:22Z INFO ConfigurationStore] RootFolder: D:\github-cicd\test_workflow\actions-runner
[2026-02-04 01:52:22Z INFO HostContext] Well known directory 'Bin': 'D:\github-cicd\test_workflow\actions-runner\bin'
[2026-02-04 01:52:22Z INFO HostContext] Well known directory 'Root': 'D:\github-cicd\test_workflow\actions-runner'
[2026-02-04 01:52:22Z INFO HostContext] Well known config file 'Runner': 'D:\github-cicd\test_workflow\actions-runner\.runner'
[2026-02-04 01:52:22Z INFO ConfigurationStore] ConfigFilePath: D:\github-cicd\test_workflow\actions-runner\.runner
[2026-02-04 01:52:22Z INFO HostContext] Well known directory 'Bin': 'D:\github-cicd\test_workflow\actions-runner\bin'
[2026-02-04 01:52:22Z INFO HostContext] Well known directory 'Root': 'D:\github-cicd\test_workflow\actions-runner'
[2026-02-04 01:52:22Z INFO HostContext] Well known config file 'MigratedRunner': 'D:\github-cicd\test_workflow\actions-runner\.runner_migrated'
[2026-02-04 01:52:22Z INFO ConfigurationStore] MigratedConfigFilePath: D:\github-cicd\test_workflow\actions-runner\.runner_migrated
[2026-02-04 01:52:22Z INFO HostContext] Well known directory 'Bin': 'D:\github-cicd\test_workflow\actions-runner\bin'
[2026-02-04 01:52:22Z INFO HostContext] Well known directory 'Root': 'D:\github-cicd\test_workflow\actions-runner'
[2026-02-04 01:52:22Z INFO HostContext] Well known config file 'Credentials': 'D:\github-cicd\test_workflow\actions-runner\.credentials'
[2026-02-04 01:52:22Z INFO ConfigurationStore] CredFilePath: D:\github-cicd\test_workflow\actions-runner\.credentials
[2026-02-04 01:52:22Z INFO HostContext] Well known directory 'Bin': 'D:\github-cicd\test_workflow\actions-runner\bin'
[2026-02-04 01:52:22Z INFO HostContext] Well known directory 'Root': 'D:\github-cicd\test_workflow\actions-runner'
[2026-02-04 01:52:22Z INFO HostContext] Well known config file 'MigratedCredentials': 'D:\github-cicd\test_workflow\actions-runner\.credentials_migrated'
[2026-02-04 01:52:22Z INFO ConfigurationStore] MigratedCredFilePath: D:\github-cicd\test_workflow\actions-runner\.credentials_migrated
[2026-02-04 01:52:22Z INFO HostContext] Well known directory 'Bin': 'D:\github-cicd\test_workflow\actions-runner\bin'
[2026-02-04 01:52:22Z INFO HostContext] Well known directory 'Root': 'D:\github-cicd\test_workflow\actions-runner'
[2026-02-04 01:52:22Z INFO HostContext] Well known config file 'Service': 'D:\github-cicd\test_workflow\actions-runner\.service'
[2026-02-04 01:52:22Z INFO ConfigurationStore] ServiceConfigFilePath: D:\github-cicd\test_workflow\actions-runner\.service
[2026-02-04 01:52:22Z INFO CommandSettings] Flag 'help': 'False'
[2026-02-04 01:52:22Z INFO CommandSettings] Flag 'version': 'False'
[2026-02-04 01:52:22Z INFO CommandSettings] Flag 'commit': 'False'
[2026-02-04 01:52:22Z INFO CommandSettings] Flag 'check': 'False'
[2026-02-04 01:52:22Z INFO CommandSettings] Command 'configure': 'False'
[2026-02-04 01:52:22Z INFO CommandSettings] Command 'remove': 'False'
[2026-02-04 01:52:22Z INFO CommandSettings] Command 'warmup': 'False'
[2026-02-04 01:52:22Z INFO ConfigurationManager] LoadSettings
[2026-02-04 01:52:22Z INFO ConfigurationStore] IsConfigured()
[2026-02-04 01:52:22Z INFO ConfigurationStore] IsConfigured: True
[2026-02-04 01:52:22Z INFO ConfigurationManager] Is configured: True
[2026-02-04 01:52:22Z INFO ConfigurationStore] Read setting file: 408 chars
[2026-02-04 01:52:22Z INFO ConfigurationManager] Settings Loaded
[2026-02-04 01:52:22Z INFO ConfigurationStore] IsServiceConfigured()
[2026-02-04 01:52:22Z INFO ConfigurationStore] IsServiceConfigured: False
[2026-02-04 01:52:22Z INFO CommandSettings] Command 'run': 'True'
[2026-02-04 01:52:22Z INFO ConfigurationStore] IsConfigured()
[2026-02-04 01:52:22Z INFO ConfigurationStore] IsConfigured: True
[2026-02-04 01:52:22Z INFO ConfigurationManager] Is configured: True
[2026-02-04 01:52:22Z INFO Runner] Could not parse the argument value '' for StartupType. Defaulting to Manual
[2026-02-04 01:52:22Z INFO Runner] Set runner startup type - Manual
[2026-02-04 01:52:22Z INFO CommandSettings] Flag 'once': 'False'
[2026-02-04 01:52:22Z INFO CommandSettings] Flag 'once': 'False'
[2026-02-04 01:52:22Z INFO Runner] RunAsync
[2026-02-04 01:52:22Z INFO ConfigurationManager] LoadMigratedSettings
[2026-02-04 01:52:22Z INFO ConfigurationStore] IsMigratedConfigured()
[2026-02-04 01:52:22Z INFO ConfigurationStore] IsMigratedConfigured: False
[2026-02-04 01:52:22Z INFO Runner] Failed to load migrated settings: No migrated configuration found.
[2026-02-04 01:52:22Z INFO Runner] Falling back to original .runner settings
[2026-02-04 01:52:22Z INFO Runner] Using BrokerMessageListener
[2026-02-04 01:52:22Z INFO BrokerMessageListener] Using provided settings
[2026-02-04 01:52:22Z INFO BrokerMessageListener] {
  "AgentId": 2,
  "AgentName": "DESKTOP-KG577VI",
  "PoolId": 1,
  "PoolName": "Default",
  "ServerUrl": "https://pipelinesghubeus6.actions.githubusercontent.com/V5Cue8MKH8IwOCeYENkHd56AoPSPbDElR65vgSNadaEZGJV1wE/",
  "GitHubUrl": "https://github.com/Toan2801/github_ci_cd_lession1",
  "WorkFolder": "_work",
  "UseV2Flow": true,
  "ServerUrlV2": "https://broker.actions.githubusercontent.com/"
}
[2026-02-04 01:52:22Z INFO BrokerMessageListener] Loading Credentials
[2026-02-04 01:52:22Z INFO ConfigurationStore] HasCredentials()
[2026-02-04 01:52:22Z INFO ConfigurationStore] stored True
[2026-02-04 01:52:22Z INFO CredentialManager] GetCredentialProvider
[2026-02-04 01:52:22Z INFO CredentialManager] Creating type OAuth
[2026-02-04 01:52:22Z INFO CredentialManager] Creating credential type: OAuth
[2026-02-04 01:52:22Z INFO HostContext] Well known directory 'Bin': 'D:\github-cicd\test_workflow\actions-runner\bin'
[2026-02-04 01:52:22Z INFO HostContext] Well known directory 'Root': 'D:\github-cicd\test_workflow\actions-runner'
[2026-02-04 01:52:22Z INFO HostContext] Well known config file 'RSACredentials': 'D:\github-cicd\test_workflow\actions-runner\.credentials_rsaparams'
[2026-02-04 01:52:22Z INFO RSAEncryptedFileKeyManager] Loading RSA key parameters from file D:\github-cicd\test_workflow\actions-runner\.credentials_rsaparams
[2026-02-04 01:52:22Z INFO BrokerMessageListener] Attempt to create session.
[2026-02-04 01:52:22Z INFO BrokerMessageListener] Connecting to the Broker Server...
[2026-02-04 01:52:22Z INFO ConfigurationStore] HasCredentials()
[2026-02-04 01:52:22Z INFO ConfigurationStore] stored True
[2026-02-04 01:52:22Z INFO CredentialManager] GetCredentialProvider
[2026-02-04 01:52:22Z INFO CredentialManager] Creating type OAuth
[2026-02-04 01:52:22Z INFO CredentialManager] Creating credential type: OAuth
[2026-02-04 01:52:22Z INFO RSAEncryptedFileKeyManager] Loading RSA key parameters from file D:\github-cicd\test_workflow\actions-runner\.credentials_rsaparams
[2026-02-04 01:52:22Z INFO BrokerMessageListener] VssConnection created
[2026-02-04 01:52:22Z INFO BrokerMessageListener] Connecting to the Runner server...
[2026-02-04 01:52:22Z INFO RunnerServer] EstablishVssConnection
[2026-02-04 01:52:22Z INFO RunnerServer] Establish connection with 100 seconds timeout.
[2026-02-04 01:52:22Z INFO GitHubActionsService] Starting operation Location.GetConnectionData
[2026-02-04 01:52:22Z INFO RunnerServer] EstablishVssConnection
[2026-02-04 01:52:22Z INFO RunnerServer] Establish connection with 60 seconds timeout.
[2026-02-04 01:52:22Z INFO GitHubActionsService] Starting operation Location.GetConnectionData
[2026-02-04 01:52:22Z INFO RunnerServer] EstablishVssConnection
[2026-02-04 01:52:22Z INFO RunnerServer] Establish connection with 60 seconds timeout.
[2026-02-04 01:52:22Z INFO GitHubActionsService] Starting operation Location.GetConnectionData
[2026-02-04 01:52:23Z INFO GitHubActionsService] Finished operation Location.GetConnectionData
[2026-02-04 01:52:23Z INFO GitHubActionsService] Finished operation Location.GetConnectionData
[2026-02-04 01:52:23Z INFO GitHubActionsService] Finished operation Location.GetConnectionData
[2026-02-04 01:52:23Z INFO BrokerMessageListener] VssConnection created
[2026-02-04 01:52:23Z INFO Terminal] WRITE LINE: 
[2026-02-04 01:52:23Z INFO Terminal] WRITE LINE: 
[2026-02-04 01:52:23Z INFO RSAEncryptedFileKeyManager] Loading RSA key parameters from file D:\github-cicd\test_workflow\actions-runner\.credentials_rsaparams
[2026-02-04 01:52:23Z INFO RSAEncryptedFileKeyManager] Loading RSA key parameters from file D:\github-cicd\test_workflow\actions-runner\.credentials_rsaparams
[2026-02-04 01:52:24Z INFO GitHubActionsService] AAD Correlation ID for this token request: Unknown
[2026-02-04 01:52:25Z INFO BrokerMessageListener] Session created.
[2026-02-04 01:52:25Z INFO Terminal] WRITE LINE: Current runner version: '2.331.0'
[2026-02-04 01:52:25Z INFO Terminal] WRITE LINE: 2026-02-04 01:52:25Z: Listening for Jobs
[2026-02-04 01:52:25Z INFO JobDispatcher] Set runner/worker IPC timeout to 30 seconds.
